<?xml version="1.0" encoding="UTF-8"?>
<testng-results ignored="0" total="1" passed="1" failed="0" skipped="0">
  <reporter-output>
  </reporter-output>
  <suite started-at="2021-11-16T04:32:42Z" name="Default suite" finished-at="2021-11-16T04:33:08Z" duration-ms="26462">
    <groups>
    </groups>
    <test started-at="2021-11-16T04:32:42Z" name="Default test" finished-at="2021-11-16T04:33:08Z" duration-ms="26462">
      <class name="Recrutment.candidate">
        <test-method signature="test()[pri:0, instance:Recrutment.candidate@27e47833]" started-at="2021-11-16T04:32:42Z" name="test" finished-at="2021-11-16T04:33:08Z" duration-ms="26356" status="PASS">
          <reporter-output>
          </reporter-output>
        </test-method> <!-- test -->
      </class> <!-- Recrutment.candidate -->
    </test> <!-- Default test -->
  </suite> <!-- Default suite -->
</testng-results>
